2025-07-24 08:53:00 | WARN | repo=course-sys-int-systems-exam | action=test | passed=true
2025-04-07 15:07:00 | INFO | repo=course-sys-int-systems-exam | action=commit
2025-02-19 10:18:00 | DEBUG | repo=course-sys-int-systems-exam | action=edit | files=3
2025-10-04 08:42:00 | WARN | repo=course-sys-int-systems-exam | action=commit
2025-10-18 07:26:00 | WARN | repo=course-sys-int-systems-exam | action=edit | files=3
2025-08-06 16:24:00 | DEBUG | repo=course-sys-int-systems-exam | action=commit
2025-11-24 19:56:00 | INFO | repo=course-sys-int-systems-exam | action=commit
2025-02-07 11:05:00 | INFO | repo=course-sys-int-systems-exam | action=commit
2025-09-26 21:56:00 | INFO | repo=course-sys-int-systems-exam | action=commit
2025-01-22 12:11:00 | INFO | repo=course-sys-int-systems-exam | action=commit
2025-04-06 13:41:00 | INFO | repo=course-sys-int-systems-exam | action=test | passed=true
2025-10-18 09:39:00 | WARN | repo=course-sys-int-systems-exam | action=pull
2025-06-13 17:27:00 | INFO | repo=course-sys-int-systems-exam | action=commit
2025-04-17 17:00:00 | WARN | repo=course-sys-int-systems-exam | action=commit
2025-08-23 20:51:00 | WARN | repo=course-sys-int-systems-exam | action=edit | files=5
2025-01-08 08:15:00 | WARN | repo=course-sys-int-systems-exam | action=pull
2025-07-06 12:48:00 | WARN | repo=course-sys-int-systems-exam | action=commit
2025-06-16 07:30:00 | DEBUG | repo=course-sys-int-systems-exam | action=commit
2025-08-28 08:36:00 | DEBUG | repo=course-sys-int-systems-exam | action=test | passed=true
2025-03-06 17:08:00 | WARN | repo=course-sys-int-systems-exam | action=commit
2025-03-09 09:55:00 | DEBUG | repo=course-sys-int-systems-exam | action=edit | files=4
2025-07-21 07:00:00 | INFO | repo=course-sys-int-systems-exam | action=commit
2025-05-22 11:04:00 | INFO | repo=course-sys-int-systems-exam | action=commit
2025-07-12 16:37:00 | WARN | repo=course-sys-int-systems-exam | action=test | passed=true
2025-02-28 09:13:00 | INFO | repo=course-sys-int-systems-exam | action=edit | files=1
2025-07-15 21:53:00 | INFO | repo=course-sys-int-systems-exam | action=edit | files=5
2025-11-24 08:03:00 | DEBUG | repo=course-sys-int-systems-exam | action=pull
2025-02-15 19:21:00 | INFO | repo=course-sys-int-systems-exam | action=commit
2025-07-03 16:01:00 | DEBUG | repo=course-sys-int-systems-exam | action=commit
2025-02-15 07:42:00 | INFO | repo=course-sys-int-systems-exam | action=pull
2025-09-26 12:30:00 | INFO | repo=course-sys-int-systems-exam | action=commit
2025-02-28 11:00:00 | WARN | repo=course-sys-int-systems-exam | action=commit
2025-05-19 20:39:00 | WARN | repo=course-sys-int-systems-exam | action=pull
2025-09-13 07:28:00 | INFO | repo=course-sys-int-systems-exam | action=commit
2025-08-26 08:43:00 | INFO | repo=course-sys-int-systems-exam | action=commit
2025-12-23 07:19:00 | DEBUG | repo=course-sys-int-systems-exam | action=test | passed=true
2025-06-22 17:15:00 | INFO | repo=course-sys-int-systems-exam | action=commit
2025-07-02 09:06:00 | DEBUG | repo=course-sys-int-systems-exam | action=commit
2025-08-02 07:36:00 | WARN | repo=course-sys-int-systems-exam | action=commit
2025-01-25 08:08:00 | INFO | repo=course-sys-int-systems-exam | action=commit
2025-03-05 07:02:00 | WARN | repo=course-sys-int-systems-exam | action=edit | files=3
2025-08-11 12:02:00 | WARN | repo=course-sys-int-systems-exam | action=commit
2025-12-26 07:50:00 | WARN | repo=course-sys-int-systems-exam | action=commit
